<?xml version="1.0" encoding="UTF-8"?>
<!-- Generated by org.testng.reporters.JUnitReportReporter -->
<testsuite skipped="0" hostname="LAPTOP-892DS6S3" name="org.sel.com.AppTest" tests="1" failures="0" timestamp="2019-10-23T10:13:30 IST" time="0.057" errors="0">
  <testcase name="shouldAnswerWithTrue" time="0.057" classname="org.sel.com.AppTest"/>
</testsuite> <!-- org.sel.com.AppTest -->
