<?xml version="1.0" encoding="UTF-8"?>
<!-- Generated by org.testng.reporters.JUnitReportReporter -->
<testsuite skipped="0" hostname="LAPTOP-892DS6S3" name="org.sel.com.FirstProject" tests="1" failures="0" timestamp="2019-10-22T21:51:09 IST" time="24.142" errors="0">
  <testcase name="testcaseOne" time="24.142" classname="org.sel.com.FirstProject"/>
</testsuite> <!-- org.sel.com.FirstProject -->
